[2026-04-03T16:46:32.445Z] GET http://localhost:5173/ → 200 (32ms, 5032B)
[2026-04-03T16:46:32.486Z] GET http://localhost:5173/@vite/client → 200 (38ms, 137725B)
[2026-04-03T16:46:32.486Z] GET https://fonts.bunny.net/css?family=plus-jakarta-sans:400,500,600,700&display=swap → 200 (185ms, 8688B)
[2026-04-03T16:46:32.486Z] GET https://fonts.bunny.net/css?family=satoshi:400,500,700,900&display=swap → 200 (188ms, 101B)
[2026-04-03T16:46:32.486Z] GET https://fonts.googleapis.com/css2?family=Geist+Mono:wght@400;500;600&display=swap → 200 (216ms, 3513B)
[2026-04-03T16:46:32.525Z] GET http://localhost:5173/node_modules/vite/dist/client/env.mjs → 200 (4ms, 4021B)
[2026-04-03T16:46:32.744Z] GET https://fonts.gstatic.com/s/geistmono/v4/or3nQ6H-1_WfwkMZI_qYFrcdmhHkjko.woff2 → pending (?ms, ?B)
[2026-04-03T16:46:32.745Z] GET https://fonts.bunny.net/plus-jakarta-sans/files/plus-jakarta-sans-latin-400-normal.woff2 → 200 (97ms, 11816B)
[2026-04-03T16:46:51.880Z] GET http://localhost:5173/decks/product/ → 200 (68ms, 27678B)
[2026-04-03T16:46:52.037Z] GET http://localhost:5173/@vite/client → 304 (4ms, ?B)
[2026-04-03T16:46:52.037Z] GET https://fonts.bunny.net/css?family=satoshi:400,500,700,900&display=swap → 200 (?ms, 101B)
[2026-04-03T16:46:52.037Z] GET https://fonts.bunny.net/css?family=plus-jakarta-sans:400,500,600,700&display=swap → 200 (1ms, 8688B)
[2026-04-03T16:46:52.038Z] GET https://fonts.googleapis.com/css2?family=Geist+Mono:wght@400;500;600&display=swap → 200 (?ms, 3513B)
[2026-04-03T16:46:52.039Z] GET http://localhost:5173/styles.css → 200 (?ms, 3988B)
[2026-04-03T16:46:52.039Z] GET http://localhost:5173/decks/product/deck.css → 200 (1ms, 27557B)
[2026-04-03T16:46:52.075Z] GET https://fonts.bunny.net/plus-jakarta-sans/files/plus-jakarta-sans-latin-400-normal.woff2 → 200 (?ms, ?B)
[2026-04-03T16:46:52.076Z] GET https://fonts.gstatic.com/s/geistmono/v4/or3nQ6H-1_WfwkMZI_qYFrcdmhHkjko.woff2 → 200 (?ms, ?B)
[2026-04-03T16:46:52.077Z] GET http://localhost:5173/node_modules/vite/dist/client/env.mjs → 304 (107ms, ?B)
[2026-04-03T16:46:52.183Z] GET https://fonts.bunny.net/plus-jakarta-sans/files/plus-jakarta-sans-latin-600-normal.woff2 → 200 (18ms, 12188B)
[2026-04-03T16:46:52.183Z] GET https://fonts.bunny.net/plus-jakarta-sans/files/plus-jakarta-sans-latin-700-normal.woff2 → 200 (48ms, 12244B)
[2026-04-03T16:46:52.183Z] GET https://fonts.bunny.net/plus-jakarta-sans/files/plus-jakarta-sans-latin-500-normal.woff2 → 200 (52ms, 12312B)
[2026-04-03T16:48:35.755Z] GET http://localhost:5173/decks/product/ → 200 (114ms, 27678B)
[2026-04-03T16:48:35.911Z] GET http://localhost:5173/@vite/client → 200 (4ms, 137725B)
[2026-04-03T16:48:35.911Z] GET https://fonts.bunny.net/css?family=satoshi:400,500,700,900&display=swap → 200 (?ms, 101B)
[2026-04-03T16:48:35.913Z] GET https://fonts.bunny.net/css?family=plus-jakarta-sans:400,500,600,700&display=swap → 200 (?ms, 8688B)
[2026-04-03T16:48:35.913Z] GET https://fonts.googleapis.com/css2?family=Geist+Mono:wght@400;500;600&display=swap → 200 (2ms, 3513B)
[2026-04-03T16:48:35.915Z] GET http://localhost:5173/styles.css → 200 (?ms, 3988B)
[2026-04-03T16:48:35.915Z] GET http://localhost:5173/decks/product/deck.css → 200 (?ms, 27557B)
[2026-04-03T16:48:35.947Z] GET https://fonts.bunny.net/plus-jakarta-sans/files/plus-jakarta-sans-latin-400-normal.woff2 → 200 (?ms, ?B)
[2026-04-03T16:48:35.947Z] GET https://fonts.bunny.net/plus-jakarta-sans/files/plus-jakarta-sans-latin-500-normal.woff2 → 200 (1ms, ?B)
[2026-04-03T16:48:35.948Z] GET https://fonts.bunny.net/plus-jakarta-sans/files/plus-jakarta-sans-latin-600-normal.woff2 → 200 (?ms, ?B)
[2026-04-03T16:48:35.948Z] GET https://fonts.bunny.net/plus-jakarta-sans/files/plus-jakarta-sans-latin-700-normal.woff2 → 200 (?ms, ?B)
[2026-04-03T16:48:35.949Z] GET https://fonts.gstatic.com/s/geistmono/v4/or3nQ6H-1_WfwkMZI_qYFrcdmhHkjko.woff2 → 200 (?ms, ?B)
[2026-04-03T16:48:35.955Z] GET http://localhost:5173/node_modules/vite/dist/client/env.mjs → 200 (6ms, 4021B)
[2026-04-03T16:50:42.233Z] GET http://localhost:5173/decks/product/deck.css?t=1775235042120 → 200 (32ms, 27556B)
[2026-04-03T16:50:46.067Z] GET http://localhost:5173/decks/product/deck.css?t=1775235046041 → 200 (6ms, 27556B)
[2026-04-03T16:50:56.697Z] GET http://localhost:5173/decks/product/deck.css?t=1775235056678 → 200 (2ms, 27873B)
[2026-04-03T16:51:01.902Z] GET http://localhost:5173/decks/product/ → 200 (55ms, ?B)
[2026-04-03T16:51:02.037Z] GET http://localhost:5173/@vite/client → 200 (14ms, ?B)
[2026-04-03T16:51:02.037Z] GET https://fonts.bunny.net/css?family=satoshi:400,500,700,900&display=swap → 200 (3ms, 101B)
[2026-04-03T16:51:02.042Z] GET https://fonts.bunny.net/css?family=plus-jakarta-sans:400,500,600,700&display=swap → 200 (?ms, 8688B)
[2026-04-03T16:51:02.043Z] GET https://fonts.googleapis.com/css2?family=Geist+Mono:wght@400;500;600&display=swap → 200 (6ms, 3513B)
[2026-04-03T16:51:02.049Z] GET http://localhost:5173/styles.css → 200 (?ms, 3988B)
[2026-04-03T16:51:02.049Z] GET http://localhost:5173/decks/product/deck.css → 200 (2ms, 27873B)
[2026-04-03T16:51:02.110Z] GET https://fonts.bunny.net/plus-jakarta-sans/files/plus-jakarta-sans-latin-400-normal.woff2 → 200 (?ms, ?B)
[2026-04-03T16:51:02.111Z] GET https://fonts.bunny.net/plus-jakarta-sans/files/plus-jakarta-sans-latin-500-normal.woff2 → 200 (1ms, ?B)
[2026-04-03T16:51:02.112Z] GET https://fonts.bunny.net/plus-jakarta-sans/files/plus-jakarta-sans-latin-600-normal.woff2 → 200 (?ms, ?B)
[2026-04-03T16:51:02.113Z] GET https://fonts.bunny.net/plus-jakarta-sans/files/plus-jakarta-sans-latin-700-normal.woff2 → 200 (?ms, ?B)
[2026-04-03T16:51:02.113Z] GET https://fonts.gstatic.com/s/geistmono/v4/or3nQ6H-1_WfwkMZI_qYFrcdmhHkjko.woff2 → 200 (?ms, ?B)
[2026-04-03T16:51:02.119Z] GET http://localhost:5173/node_modules/vite/dist/client/env.mjs → pending (?ms, ?B)
[2026-04-03T16:51:11.152Z] GET http://localhost:5173/decks/product/ → pending (?ms, ?B)
[2026-04-03T16:51:11.202Z] GET http://localhost:5173/@vite/client → 304 (27ms, ?B)
[2026-04-03T16:51:11.202Z] GET https://fonts.bunny.net/css?family=satoshi:400,500,700,900&display=swap → 200 (?ms, 101B)
[2026-04-03T16:51:11.217Z] GET https://fonts.bunny.net/css?family=plus-jakarta-sans:400,500,600,700&display=swap → 200 (?ms, 8688B)
[2026-04-03T16:51:11.219Z] GET https://fonts.googleapis.com/css2?family=Geist+Mono:wght@400;500;600&display=swap → 200 (9ms, 3513B)
[2026-04-03T16:51:11.229Z] GET http://localhost:5173/styles.css → 304 (5ms, ?B)
[2026-04-03T16:51:11.229Z] GET http://localhost:5173/decks/product/deck.css → 304 (5ms, ?B)
[2026-04-03T16:51:11.229Z] GET http://localhost:5173/node_modules/vite/dist/client/env.mjs → 304 (5ms, ?B)
[2026-04-03T16:51:11.239Z] GET https://fonts.bunny.net/plus-jakarta-sans/files/plus-jakarta-sans-latin-400-normal.woff2 → 200 (5ms, ?B)
[2026-04-03T16:51:11.247Z] GET https://fonts.bunny.net/plus-jakarta-sans/files/plus-jakarta-sans-latin-500-normal.woff2 → 200 (1ms, ?B)
[2026-04-03T16:51:11.276Z] GET https://fonts.bunny.net/plus-jakarta-sans/files/plus-jakarta-sans-latin-600-normal.woff2 → 200 (?ms, ?B)
[2026-04-03T16:51:11.276Z] GET https://fonts.bunny.net/plus-jakarta-sans/files/plus-jakarta-sans-latin-700-normal.woff2 → 200 (1ms, ?B)
[2026-04-03T16:51:11.287Z] GET https://fonts.gstatic.com/s/geistmono/v4/or3nQ6H-1_WfwkMZI_qYFrcdmhHkjko.woff2 → 200 (?ms, ?B)
[2026-04-03T16:51:29.771Z] GET http://localhost:5173/decks/product/deck.css?t=1775235089750 → 200 (3ms, 27938B)
[2026-04-03T16:51:35.062Z] GET http://localhost:5173/decks/product/ → 200 (8ms, 27561B)
[2026-04-03T16:51:35.084Z] GET http://localhost:5173/@vite/client → 200 (33ms, 137725B)
[2026-04-03T16:51:35.084Z] GET https://fonts.bunny.net/css?family=satoshi:400,500,700,900&display=swap → 200 (5ms, 101B)
[2026-04-03T16:51:35.094Z] GET https://fonts.bunny.net/css?family=plus-jakarta-sans:400,500,600,700&display=swap → 200 (?ms, 8688B)
[2026-04-03T16:51:35.095Z] GET https://fonts.googleapis.com/css2?family=Geist+Mono:wght@400;500;600&display=swap → 200 (9ms, 3513B)
[2026-04-03T16:51:35.104Z] GET http://localhost:5173/styles.css → 304 (?ms, ?B)
[2026-04-03T16:51:35.104Z] GET http://localhost:5173/decks/product/deck.css → 200 (1ms, 27938B)
[2026-04-03T16:51:35.108Z] GET https://fonts.bunny.net/plus-jakarta-sans/files/plus-jakarta-sans-latin-400-normal.woff2 → 200 (1ms, ?B)
[2026-04-03T16:51:35.109Z] GET https://fonts.bunny.net/plus-jakarta-sans/files/plus-jakarta-sans-latin-500-normal.woff2 → 200 (?ms, ?B)
[2026-04-03T16:51:35.110Z] GET https://fonts.bunny.net/plus-jakarta-sans/files/plus-jakarta-sans-latin-600-normal.woff2 → 200 (?ms, ?B)
[2026-04-03T16:51:35.110Z] GET https://fonts.bunny.net/plus-jakarta-sans/files/plus-jakarta-sans-latin-700-normal.woff2 → 200 (?ms, ?B)
[2026-04-03T16:51:35.110Z] GET https://fonts.gstatic.com/s/geistmono/v4/or3nQ6H-1_WfwkMZI_qYFrcdmhHkjko.woff2 → 200 (1ms, ?B)
[2026-04-03T16:51:35.130Z] GET http://localhost:5173/node_modules/vite/dist/client/env.mjs → 200 (3ms, 4021B)
[2026-04-03T16:51:51.479Z] GET http://localhost:5173/decks/product/deck.css?t=1775235111438 → 200 (55ms, 27959B)
[2026-04-03T16:51:56.558Z] GET http://localhost:5173/decks/product/deck.css?t=1775235116548 → 200 (8ms, 27976B)
[2026-04-03T16:52:06.540Z] GET http://localhost:5173/decks/product/deck.css?t=1775235126488 → 200 (30ms, 27989B)
[2026-04-03T16:52:11.802Z] GET http://localhost:5173/decks/product/deck.css?t=1775235131784 → 200 (1ms, 27989B)
[2026-04-03T16:52:17.203Z] GET http://localhost:5173/decks/product/deck.css?t=1775235137183 → pending (?ms, ?B)
[2026-04-03T16:52:27.128Z] GET http://localhost:5173/decks/product/deck.css?t=1775235147121 → 200 (1ms, 27998B)
[2026-04-03T16:52:38.832Z] GET http://localhost:5173/decks/product/ → 200 (31ms, 27561B)
[2026-04-03T16:52:38.914Z] GET http://localhost:5173/@vite/client → 200 (3ms, 137725B)
[2026-04-03T16:52:38.914Z] GET https://fonts.bunny.net/css?family=satoshi:400,500,700,900&display=swap → 200 (?ms, 101B)
[2026-04-03T16:52:38.915Z] GET https://fonts.bunny.net/css?family=plus-jakarta-sans:400,500,600,700&display=swap → 200 (?ms, 8688B)
[2026-04-03T16:52:38.915Z] GET https://fonts.googleapis.com/css2?family=Geist+Mono:wght@400;500;600&display=swap → 200 (?ms, 3513B)
[2026-04-03T16:52:38.915Z] GET http://localhost:5173/styles.css → 304 (?ms, ?B)
[2026-04-03T16:52:38.915Z] GET http://localhost:5173/decks/product/deck.css → 200 (?ms, 27998B)
[2026-04-03T16:52:38.972Z] GET https://fonts.bunny.net/plus-jakarta-sans/files/plus-jakarta-sans-latin-400-normal.woff2 → 200 (?ms, ?B)
[2026-04-03T16:52:38.973Z] GET https://fonts.bunny.net/plus-jakarta-sans/files/plus-jakarta-sans-latin-500-normal.woff2 → 200 (?ms, ?B)
[2026-04-03T16:52:38.973Z] GET https://fonts.bunny.net/plus-jakarta-sans/files/plus-jakarta-sans-latin-600-normal.woff2 → 200 (?ms, ?B)
[2026-04-03T16:52:38.973Z] GET https://fonts.bunny.net/plus-jakarta-sans/files/plus-jakarta-sans-latin-700-normal.woff2 → 200 (?ms, ?B)
[2026-04-03T16:52:38.973Z] GET https://fonts.gstatic.com/s/geistmono/v4/or3nQ6H-1_WfwkMZI_qYFrcdmhHkjko.woff2 → 200 (?ms, ?B)
[2026-04-03T16:52:38.986Z] GET http://localhost:5173/node_modules/vite/dist/client/env.mjs → 200 (2ms, 4021B)
[2026-04-03T16:57:27.396Z] GET http://localhost:5173/styles.css?t=1775235447182 → 200 (13ms, 4068B)
